  [1m[35m (322.4ms)[0m  [1m[35mCREATE DATABASE "paws_and_found_development" ENCODING = 'unicode'[0m
  ↳ bin/rails:9
  [1m[35m (281.6ms)[0m  [1m[35mCREATE DATABASE "paws_and_found_test" ENCODING = 'unicode'[0m
  ↳ bin/rails:9
Started GET "/" for ::1 at 2019-06-07 17:04:15 -0400
Processing by Rails::WelcomeController#index as HTML
  Rendering /Users/aaronreinheimer/.rbenv/versions/2.6.3/lib/ruby/gems/2.6.0/gems/railties-5.2.3/lib/rails/templates/rails/welcome/index.html.erb
  Rendered /Users/aaronreinheimer/.rbenv/versions/2.6.3/lib/ruby/gems/2.6.0/gems/railties-5.2.3/lib/rails/templates/rails/welcome/index.html.erb (2.5ms)
Completed 200 OK in 10ms (Views: 8.2ms | ActiveRecord: 0.0ms)


Started GET "/pets" for ::1 at 2019-06-07 17:04:21 -0400
Processing by PetsController#index as HTML
Completed 200 OK in 10ms (Views: 0.5ms | ActiveRecord: 0.0ms)


Started GET "/pets" for ::1 at 2019-06-07 17:09:16 -0400
Processing by PetsController#index as HTML
Completed 200 OK in 8ms (Views: 0.2ms | ActiveRecord: 0.0ms)


Started GET "/favicon.ico" for ::1 at 2019-06-07 17:09:16 -0400
  
ActionController::RoutingError (No route matches [GET] "/favicon.ico"):
  
actionpack (5.2.3) lib/action_dispatch/middleware/debug_exceptions.rb:65:in `call'
actionpack (5.2.3) lib/action_dispatch/middleware/show_exceptions.rb:33:in `call'
railties (5.2.3) lib/rails/rack/logger.rb:38:in `call_app'
railties (5.2.3) lib/rails/rack/logger.rb:26:in `block in call'
activesupport (5.2.3) lib/active_support/tagged_logging.rb:71:in `block in tagged'
activesupport (5.2.3) lib/active_support/tagged_logging.rb:28:in `tagged'
activesupport (5.2.3) lib/active_support/tagged_logging.rb:71:in `tagged'
railties (5.2.3) lib/rails/rack/logger.rb:26:in `call'
actionpack (5.2.3) lib/action_dispatch/middleware/remote_ip.rb:81:in `call'
actionpack (5.2.3) lib/action_dispatch/middleware/request_id.rb:27:in `call'
rack (2.0.7) lib/rack/runtime.rb:22:in `call'
activesupport (5.2.3) lib/active_support/cache/strategy/local_cache_middleware.rb:29:in `call'
actionpack (5.2.3) lib/action_dispatch/middleware/executor.rb:14:in `call'
actionpack (5.2.3) lib/action_dispatch/middleware/static.rb:127:in `call'
rack (2.0.7) lib/rack/sendfile.rb:111:in `call'
railties (5.2.3) lib/rails/engine.rb:524:in `call'
puma (3.12.1) lib/puma/configuration.rb:227:in `call'
puma (3.12.1) lib/puma/server.rb:660:in `handle_request'
puma (3.12.1) lib/puma/server.rb:474:in `process_client'
puma (3.12.1) lib/puma/server.rb:334:in `block in run'
puma (3.12.1) lib/puma/thread_pool.rb:135:in `block in spawn_thread'
Started GET "/pets/1" for ::1 at 2019-06-07 17:09:20 -0400
Processing by PetsController#show as HTML
  Parameters: {"id"=>"1"}
Completed 500 Internal Server Error in 4ms (ActiveRecord: 0.0ms)


  
NameError (undefined local variable or method `result' for Pet:Class
Did you mean?  results):
  
app/models/pet.rb:22:in `find'
app/controllers/pets_controller.rb:9:in `show'
Started GET "/pets/1" for ::1 at 2019-06-07 17:10:06 -0400
Processing by PetsController#show as HTML
  Parameters: {"id"=>"1"}
Completed 500 Internal Server Error in 11ms (ActiveRecord: 0.0ms)


  
NameError (undefined local variable or method `result' for Pet:Class
Did you mean?  results):
  
app/models/pet.rb:22:in `find'
app/controllers/pets_controller.rb:9:in `show'
Started GET "/pets/1" for ::1 at 2019-06-07 17:10:07 -0400
Processing by PetsController#show as HTML
  Parameters: {"id"=>"1"}
Completed 500 Internal Server Error in 3ms (ActiveRecord: 0.0ms)


  
NameError (undefined local variable or method `result' for Pet:Class
Did you mean?  results):
  
app/models/pet.rb:22:in `find'
app/controllers/pets_controller.rb:9:in `show'
Started GET "/pets/1" for ::1 at 2019-06-07 17:12:41 -0400
Processing by PetsController#show as HTML
  Parameters: {"id"=>"1"}
Completed 500 Internal Server Error in 10ms (ActiveRecord: 0.0ms)


  
NameError (undefined local variable or method `result' for Pet:Class
Did you mean?  results):
  
app/models/pet.rb:22:in `find'
app/controllers/pets_controller.rb:9:in `show'
Started GET "/pets/1" for ::1 at 2019-06-07 17:12:42 -0400
Processing by PetsController#show as HTML
  Parameters: {"id"=>"1"}
Completed 500 Internal Server Error in 3ms (ActiveRecord: 0.0ms)


  
NameError (undefined local variable or method `result' for Pet:Class
Did you mean?  results):
  
app/models/pet.rb:22:in `find'
app/controllers/pets_controller.rb:9:in `show'
Started GET "/pets/2" for ::1 at 2019-06-07 17:12:48 -0400
Processing by PetsController#show as HTML
  Parameters: {"id"=>"2"}
Completed 500 Internal Server Error in 2ms (ActiveRecord: 0.0ms)


  
NameError (undefined local variable or method `result' for Pet:Class
Did you mean?  results):
  
app/models/pet.rb:22:in `find'
app/controllers/pets_controller.rb:9:in `show'
Started GET "/pets" for ::1 at 2019-06-07 17:12:53 -0400
Processing by PetsController#index as HTML
Completed 200 OK in 1ms (Views: 0.2ms | ActiveRecord: 0.0ms)


Started GET "/pets/1" for ::1 at 2019-06-07 17:12:57 -0400
Processing by PetsController#show as HTML
  Parameters: {"id"=>"1"}
Completed 500 Internal Server Error in 2ms (ActiveRecord: 0.0ms)


  
NameError (undefined local variable or method `result' for Pet:Class
Did you mean?  results):
  
app/models/pet.rb:22:in `find'
app/controllers/pets_controller.rb:9:in `show'
Started GET "/pets/1" for ::1 at 2019-06-07 17:13:06 -0400
Processing by PetsController#show as HTML
  Parameters: {"id"=>"1"}
Completed 500 Internal Server Error in 3ms (ActiveRecord: 0.0ms)


  
NameError (undefined local variable or method `result' for Pet:Class
Did you mean?  results):
  
app/models/pet.rb:22:in `find'
app/controllers/pets_controller.rb:9:in `show'
Started GET "/pets/1" for ::1 at 2019-06-07 17:14:04 -0400
Processing by PetsController#show as HTML
  Parameters: {"id"=>"1"}
Completed 500 Internal Server Error in 10ms (ActiveRecord: 0.0ms)


  
TypeError (no implicit conversion of String into Integer):
  
app/models/pet.rb:22:in `[]'
app/models/pet.rb:22:in `find'
app/controllers/pets_controller.rb:9:in `show'
Started GET "/pets/" for ::1 at 2019-06-07 17:14:47 -0400
Processing by PetsController#index as HTML
Completed 200 OK in 1ms (Views: 0.2ms | ActiveRecord: 0.0ms)


Started GET "/pets/1" for ::1 at 2019-06-07 17:15:03 -0400
Processing by PetsController#show as HTML
  Parameters: {"id"=>"1"}
Completed 500 Internal Server Error in 1ms (ActiveRecord: 0.0ms)


  
TypeError (no implicit conversion of String into Integer):
  
app/models/pet.rb:22:in `[]'
app/models/pet.rb:22:in `find'
app/controllers/pets_controller.rb:9:in `show'
Started GET "/pets/1" for ::1 at 2019-06-07 17:16:21 -0400
Processing by PetsController#show as HTML
  Parameters: {"id"=>"1"}
Completed 200 OK in 10ms (Views: 0.2ms | ActiveRecord: 0.0ms)


Started GET "/pets" for ::1 at 2019-06-07 17:23:52 -0400
Processing by PetsController#index as */*
  Parameters: {"pet"=>{}}
Completed 200 OK in 1ms (Views: 0.2ms | ActiveRecord: 0.0ms)


Started POST "/pets" for ::1 at 2019-06-07 17:24:41 -0400
Processing by PetsController#create as */*
  Parameters: {"name"=>"Rover", "species"=>"DOG", "breed"=>nil, "photo"=>nil, "last_known_location"=>nil, "description"=>nil, "found"=>nil, "pet"=>{"name"=>"Rover", "species"=>"DOG", "breed"=>nil, "photo"=>nil, "last_known_location"=>nil, "description"=>nil, "found"=>nil}}
Completed 500 Internal Server Error in 1ms (ActiveRecord: 0.0ms)


  
NoMethodError (undefined method `[]' for nil:NilClass):
  
app/models/pet.rb:36:in `create'
app/controllers/pets_controller.rb:14:in `create'
Started POST "/pets" for ::1 at 2019-06-07 17:25:26 -0400
Processing by PetsController#create as */*
  Parameters: {"name"=>"Rover", "species"=>"DOG", "breed"=>"", "photo"=>"", "last_known_location"=>"", "description"=>"", "found"=>"", "pet"=>{"name"=>"Rover", "species"=>"DOG", "breed"=>"", "photo"=>"", "last_known_location"=>"", "description"=>"", "found"=>""}}
Completed 500 Internal Server Error in 1ms (ActiveRecord: 0.0ms)


  
NoMethodError (undefined method `[]' for nil:NilClass):
  
app/models/pet.rb:36:in `create'
app/controllers/pets_controller.rb:14:in `create'
Started POST "/pets" for ::1 at 2019-06-07 17:26:20 -0400
Processing by PetsController#create as */*
  Parameters: {"name"=>"Rover", "species"=>"DOG", "breed"=>"", "photo"=>"", "last_known_location"=>"", "description"=>"", "found"=>"", "pet"=>{"name"=>"Rover", "species"=>"DOG", "breed"=>"", "photo"=>"", "last_known_location"=>"", "description"=>"", "found"=>""}}
Completed 500 Internal Server Error in 1ms (ActiveRecord: 0.0ms)


  
NoMethodError (undefined method `[]' for nil:NilClass):
  
app/models/pet.rb:36:in `create'
app/controllers/pets_controller.rb:14:in `create'
Started POST "/pets" for ::1 at 2019-06-07 17:27:21 -0400
Processing by PetsController#create as */*
  Parameters: {"name"=>"Rover", "species"=>"DOG", "breed"=>"", "photo"=>"", "last_known_location"=>"", "description"=>"", "found"=>"", "pet"=>{"name"=>"Rover", "species"=>"DOG", "breed"=>"", "photo"=>"", "last_known_location"=>"", "description"=>"", "found"=>""}}
Completed 500 Internal Server Error in 1ms (ActiveRecord: 0.0ms)


  
NoMethodError (undefined method `[]' for nil:NilClass):
  
app/models/pet.rb:36:in `create'
app/controllers/pets_controller.rb:14:in `create'
Started POST "/pets" for ::1 at 2019-06-07 17:27:38 -0400
Processing by PetsController#create as */*
  Parameters: {"name"=>"Rover", "species"=>"DOG", "pet"=>{"name"=>"Rover", "species"=>"DOG"}}
Completed 500 Internal Server Error in 1ms (ActiveRecord: 0.0ms)


  
NoMethodError (undefined method `[]' for nil:NilClass):
  
app/models/pet.rb:36:in `create'
app/controllers/pets_controller.rb:14:in `create'
Started POST "/pets" for ::1 at 2019-06-07 17:27:40 -0400
Processing by PetsController#create as */*
  Parameters: {"name"=>"Rover", "species"=>"DOG", "pet"=>{"name"=>"Rover", "species"=>"DOG"}}
Completed 500 Internal Server Error in 1ms (ActiveRecord: 0.0ms)


  
NoMethodError (undefined method `[]' for nil:NilClass):
  
app/models/pet.rb:36:in `create'
app/controllers/pets_controller.rb:14:in `create'
Started POST "/pets" for ::1 at 2019-06-07 17:29:02 -0400
Processing by PetsController#create as */*
  Parameters: {"name"=>"Rover", "species"=>"dog", "breed"=>"golden", "photo"=>"skjfgndslfgjn", "last_known_location"=>"park", "description"=>"askhasdifbasb", "found"=>true, "pet"=>{"name"=>"Rover", "species"=>"dog", "breed"=>"golden", "photo"=>"skjfgndslfgjn", "last_known_location"=>"park", "description"=>"askhasdifbasb", "found"=>true}}
Completed 500 Internal Server Error in 1ms (ActiveRecord: 0.0ms)


  
NoMethodError (undefined method `[]' for nil:NilClass):
  
app/models/pet.rb:36:in `create'
app/controllers/pets_controller.rb:14:in `create'
Started POST "/pets" for ::1 at 2019-06-07 17:32:12 -0400
Processing by PetsController#create as */*
  Parameters: {"name"=>"Rover", "species"=>"dog", "breed"=>"golden", "photo"=>"skjfgndslfgjn", "last_known_location"=>"park", "description"=>"askhasdifbasb", "found"=>true, "pet"=>{"name"=>"Rover", "species"=>"dog", "breed"=>"golden", "photo"=>"skjfgndslfgjn", "last_known_location"=>"park", "description"=>"askhasdifbasb", "found"=>true}}
Completed 200 OK in 2ms (Views: 0.2ms | ActiveRecord: 0.0ms)


Started DELETE "/pets/1" for ::1 at 2019-06-07 17:33:44 -0400
Processing by PetsController#delete as */*
  Parameters: {"name"=>"Rover", "species"=>"dog", "breed"=>"golden", "photo"=>"skjfgndslfgjn", "last_known_location"=>"park", "description"=>"askhasdifbasb", "found"=>true, "id"=>"1", "pet"=>{"name"=>"Rover", "species"=>"dog", "breed"=>"golden", "photo"=>"skjfgndslfgjn", "last_known_location"=>"park", "description"=>"askhasdifbasb", "found"=>true}}
Completed 200 OK in 2ms (Views: 0.1ms | ActiveRecord: 0.0ms)


Started GET "/pets" for ::1 at 2019-06-07 17:33:54 -0400
Processing by PetsController#index as */*
  Parameters: {"name"=>"Rover", "species"=>"dog", "breed"=>"golden", "photo"=>"skjfgndslfgjn", "last_known_location"=>"park", "description"=>"askhasdifbasb", "found"=>true, "pet"=>{"name"=>"Rover", "species"=>"dog", "breed"=>"golden", "photo"=>"skjfgndslfgjn", "last_known_location"=>"park", "description"=>"askhasdifbasb", "found"=>true}}
Completed 200 OK in 1ms (Views: 0.1ms | ActiveRecord: 0.0ms)


Started PUT "/pets/2" for ::1 at 2019-06-07 17:40:57 -0400
Processing by PetsController#update as */*
  Parameters: {"name"=>"Rover", "species"=>"dog", "breed"=>"golden", "photo"=>"skjfgndslfgjn", "last_known_location"=>"flower shop", "description"=>"he likes being called rovy", "found"=>true, "id"=>"2", "pet"=>{"name"=>"Rover", "species"=>"dog", "breed"=>"golden", "photo"=>"skjfgndslfgjn", "last_known_location"=>"flower shop", "description"=>"he likes being called rovy", "found"=>true}}
Completed 200 OK in 3ms (Views: 0.2ms | ActiveRecord: 0.0ms)


Started GET "/pets/2" for ::1 at 2019-06-07 17:41:05 -0400
Processing by PetsController#show as */*
  Parameters: {"name"=>"Rover", "species"=>"dog", "breed"=>"golden", "photo"=>"skjfgndslfgjn", "last_known_location"=>"flower shop", "description"=>"he likes being called rovy", "found"=>true, "id"=>"2", "pet"=>{"name"=>"Rover", "species"=>"dog", "breed"=>"golden", "photo"=>"skjfgndslfgjn", "last_known_location"=>"flower shop", "description"=>"he likes being called rovy", "found"=>true}}
Completed 200 OK in 1ms (Views: 0.2ms | ActiveRecord: 0.0ms)


Started GET "/pets/1" for ::1 at 2019-06-07 17:41:14 -0400
Processing by PetsController#show as HTML
  Parameters: {"id"=>"1"}
Completed 500 Internal Server Error in 1ms (ActiveRecord: 0.0ms)


  
NoMethodError (undefined method `[]' for nil:NilClass):
  
app/models/pet.rb:22:in `find'
app/controllers/pets_controller.rb:9:in `show'
Started GET "/pets/2" for ::1 at 2019-06-07 17:41:19 -0400
Processing by PetsController#show as HTML
  Parameters: {"id"=>"2"}
Completed 200 OK in 1ms (Views: 0.1ms | ActiveRecord: 0.0ms)


Started POST "/pets" for ::1 at 2019-06-07 17:49:35 -0400
Processing by PetsController#create as */*
  Parameters: {"name"=>"Gizmo", "species"=>"dog", "breed"=>"Chiuaha", "photo"=>"https://pet-uploads.adoptapet.com/4/5/9/363003065.jpg", "last_known_location"=>"Ice cream stand", "description"=>"light brown pointy ears likes to be called giz also loves bones", "found"=>true, "pet"=>{"name"=>"Gizmo", "species"=>"dog", "breed"=>"Chiuaha", "photo"=>"https://pet-uploads.adoptapet.com/4/5/9/363003065.jpg", "last_known_location"=>"Ice cream stand", "description"=>"light brown pointy ears likes to be called giz also loves bones", "found"=>true}}
Completed 200 OK in 1ms (Views: 0.2ms | ActiveRecord: 0.0ms)


Started GET "/pets" for ::1 at 2019-06-07 17:49:41 -0400
Processing by PetsController#index as HTML
Completed 200 OK in 8ms (Views: 0.2ms | ActiveRecord: 0.0ms)


Started POST "/pets" for ::1 at 2019-06-07 17:52:36 -0400
Processing by PetsController#create as */*
  Parameters: {"name"=>"Slyvester", "species"=>"snake", "breed"=>"spotted", "photo"=>"http://rivista-cdn.reptilesmagazine.com/OkeeteeCornSnake.jpg?ver=1421880243", "last_known_location"=>"baseball field", "description"=>"dark brown spotted", "found"=>false, "pet"=>{"name"=>"Slyvester", "species"=>"snake", "breed"=>"spotted", "photo"=>"http://rivista-cdn.reptilesmagazine.com/OkeeteeCornSnake.jpg?ver=1421880243", "last_known_location"=>"baseball field", "description"=>"dark brown spotted", "found"=>false}}
Completed 200 OK in 1ms (Views: 0.2ms | ActiveRecord: 0.0ms)


Started GET "/pets" for ::1 at 2019-06-07 17:52:40 -0400
Processing by PetsController#index as HTML
Completed 200 OK in 1ms (Views: 0.4ms | ActiveRecord: 0.0ms)


<<<<<<< HEAD
Started GET "/pets" for ::1 at 2019-06-08 12:05:08 -0400
Processing by PetsController#index as HTML
Completed 200 OK in 10ms (Views: 0.5ms | ActiveRecord: 0.0ms)


Started GET "/pets/2" for ::1 at 2019-06-08 12:08:26 -0400
Processing by PetsController#show as HTML
  Parameters: {"id"=>"2"}
Completed 200 OK in 1ms (Views: 0.2ms | ActiveRecord: 0.0ms)


Started GET "/pets" for ::1 at 2019-06-08 14:52:20 -0400
Processing by PetsController#index as */*
Completed 200 OK in 7ms (Views: 3.2ms | ActiveRecord: 0.0ms)


Started GET "/pets" for ::1 at 2019-06-08 14:54:15 -0400
Processing by PetsController#index as */*
Completed 200 OK in 4ms (Views: 1.2ms | ActiveRecord: 0.0ms)


Started GET "/pets" for ::1 at 2019-06-08 20:59:58 -0400
Processing by PetsController#index as */*
Completed 200 OK in 3ms (Views: 0.9ms | ActiveRecord: 0.0ms)
=======
Started GET "/pets" for ::1 at 2019-06-08 17:13:20 -0700
Processing by PetsController#index as */*
Completed 200 OK in 10ms (Views: 0.5ms | ActiveRecord: 0.0ms)
>>>>>>> e78dd329201060d29fb58d9cccd189ac8649e763


